0 info it worked if it ends with ok
1 verbose cli [ '/usr/bin/node', '/usr/bin/npm', 'publish' ]
2 info using npm@1.4.14
3 info using node@v0.10.29
4 verbose node symlink /usr/bin/node
5 verbose publish [ '.' ]
6 verbose cache add [ '.', null ]
7 verbose cache add name=undefined spec="." args=[".",null]
8 verbose parsed url { protocol: null,
8 verbose parsed url   slashes: null,
8 verbose parsed url   auth: null,
8 verbose parsed url   host: null,
8 verbose parsed url   port: null,
8 verbose parsed url   hostname: null,
8 verbose parsed url   hash: null,
8 verbose parsed url   search: null,
8 verbose parsed url   query: null,
8 verbose parsed url   pathname: '.',
8 verbose parsed url   path: '.',
8 verbose parsed url   href: '.' }
9 silly lockFile 3a52ce78- .
10 verbose lock . /home/brandon/.npm/3a52ce78-.lock
11 verbose tar pack [ '/home/brandon/.npm/rayray/0.0.2/package.tgz', '.' ]
12 verbose tarball /home/brandon/.npm/rayray/0.0.2/package.tgz
13 verbose folder .
14 info prepublish rayray@0.0.2
15 silly lockFile 1f1177db-tar tar://.
16 verbose lock tar://. /home/brandon/.npm/1f1177db-tar.lock
17 silly lockFile 2d62f35f-don-npm-rayray-0-0-2-package-tgz tar:///home/brandon/.npm/rayray/0.0.2/package.tgz
18 verbose lock tar:///home/brandon/.npm/rayray/0.0.2/package.tgz /home/brandon/.npm/2d62f35f-don-npm-rayray-0-0-2-package-tgz.lock
19 silly lockFile 1f1177db-tar tar://.
20 silly lockFile 1f1177db-tar tar://.
21 silly lockFile 2d62f35f-don-npm-rayray-0-0-2-package-tgz tar:///home/brandon/.npm/rayray/0.0.2/package.tgz
22 silly lockFile 2d62f35f-don-npm-rayray-0-0-2-package-tgz tar:///home/brandon/.npm/rayray/0.0.2/package.tgz
23 silly lockFile fafd0f7b-brandon-npm-rayray-0-0-2-package /home/brandon/.npm/rayray/0.0.2/package
24 verbose lock /home/brandon/.npm/rayray/0.0.2/package /home/brandon/.npm/fafd0f7b-brandon-npm-rayray-0-0-2-package.lock
25 silly lockFile fafd0f7b-brandon-npm-rayray-0-0-2-package /home/brandon/.npm/rayray/0.0.2/package
26 silly lockFile fafd0f7b-brandon-npm-rayray-0-0-2-package /home/brandon/.npm/rayray/0.0.2/package
27 silly lockFile 3a52ce78- .
28 silly lockFile 3a52ce78- .
29 silly publish { name: 'rayray',
29 silly publish   version: '0.0.2',
29 silly publish   description: 'Some NLP utilites. Helps you find some meaning in text.',
29 silly publish   main: 'index.js',
29 silly publish   dependencies:
29 silly publish    { 'html-to-text': '^0.1.0',
29 silly publish      natural: '^0.1.27',
29 silly publish      pos: '^0.1.6',
29 silly publish      sentiment: '^1.0.1',
29 silly publish      'text-parse': '^1.1.0',
29 silly publish      'underscore-node': '^0.1.2' },
29 silly publish   devDependencies: {},
29 silly publish   scripts: { test: 'test' },
29 silly publish   keywords:
29 silly publish    [ 'nlp',
29 silly publish      'parsing',
29 silly publish      'vocabulary',
29 silly publish      'text',
29 silly publish      'meaning',
29 silly publish      'relationship extraction',
29 silly publish      'topic recognition' ],
29 silly publish   author: { name: 'Brandon Truong' },
29 silly publish   license: 'MIT',
29 silly publish   readme: '# rayray\n\nNLP tools to help you parse words, find counts, and find keywords. More functionality coming soon.\n\nREADME will be updated soon.\n\n# How to use\n## Installation\n```\nnpm install rayray\n```\n\n## Cutter\nUsage:\n```\nvar cutter = require(\'rayray\').Cutter;\n\ncutter.getAllVocab("I am a sentence."); // returns all vocabulary in the sentence\n```\n#### cutter.getAllDifferentTokens(input)\n\n#### cutter.getAllDifferentTokensAndCount(input)\n\n#### cutter.getAllVocab(input)\n\n#### cutter.getAllVocabAndCount(input)\n\n#### cutter.getParagraphs(input)\n\n#### cutter.getSentences(input)\n\n## Finder\nUsage:\n```\nvar finder = require(\'rayray\').Finder;\n\nfinder.findMostOccurred("This is a cool sentence. cool cool cool.", 1); // find #1 most occurred word \n```\n\n#### findMostOccurred(input, count)\n\n## Getter\nUsage:\n```\nvar getter = require(\'rayray\').Getter;\n\ngetter.get(\'http://www.brandontruong.com\', function(data){\n  console.log(data); // logs html of page\n}); \n```\n\n#### getter.get(url, callback)\n\n#### getter.getText(url, callback)\n\n#### getter.getURLForType(type, searchString)\n\n#### getter.getSearchForType(type, searchString, callback)\n\n#### getter.getTextSearch(type, callback)\n\n# Contributing:\nRayray is in early stages. Open to any new features or feature requests. \n',
29 silly publish   readmeFilename: 'README.md',
29 silly publish   gitHead: 'ef7d54827d4c5088926ea7d838275c367b042f32',
29 silly publish   _id: 'rayray@0.0.2',
29 silly publish   _shasum: '33b1442646d140e245799d33bfd7e6f855acf8d3',
29 silly publish   _from: '.' }
30 verbose url raw rayray
31 verbose url resolving [ 'https://registry.npmjs.org/', './rayray' ]
32 verbose url resolved https://registry.npmjs.org/rayray
33 info trying registry request attempt 1 at 17:46:20
34 http PUT https://registry.npmjs.org/rayray
35 http 403 https://registry.npmjs.org/rayray
36 verbose headers { date: 'Wed, 30 Jul 2014 21:46:21 GMT',
36 verbose headers   server: 'CouchDB/1.5.0 (Erlang OTP/R14B04)',
36 verbose headers   'content-type': 'application/json',
36 verbose headers   'cache-control': 'max-age=60',
36 verbose headers   'content-length': '3839',
36 verbose headers   'accept-ranges': 'bytes',
36 verbose headers   via: '1.1 varnish',
36 verbose headers   'x-served-by': 'cache-jfk1033-JFK',
36 verbose headers   'x-cache': 'MISS',
36 verbose headers   'x-cache-hits': '0',
36 verbose headers   'x-timer': 'S1406756781.098145,VS0,VE323',
36 verbose headers   'keep-alive': 'timeout=10, max=50',
36 verbose headers   connection: 'Keep-Alive' }
37 error publish Failed PUT 403
38 error Error: forbidden cannot modify pre-existing version: 0.0.2
38 error old={"name":"rayray","version":"0.0.2","description":"Some NLP utilites. Helps you find some meaning in text.","main":"index.js","dependencies":{"html-to-text":"^0.1.0","natural":"^0.1.27","pos":"^0.1.6","sentiment":"^1.0.1","text-parse":"^1.1.0","underscore-node":"^0.1.2"},"devDependencies":{},"scripts":{"test":"test"},"keywords":["nlp","parsing","vocabulary","text","meaning","relationship extraction","topic recognition"],"author":{"name":"Brandon Truong"},"license":"MIT","gitHead":"3dd4de0cc3856985d815fd57775ac36a35c94418","_id":"rayray@0.0.2","_shasum":"9b255638fc950b6fb2a34932120136c3bcebffc1","_from":".","_npmVersion":"1.4.14","_npmUser":{"name":"brandontruong","email":"me@brandontruong.com"},"maintainers":[{"name":"brandontruong","email":"me@brandontruong.com"}],"dist":{"shasum":"9b255638fc950b6fb2a34932120136c3bcebffc1","tarball":"http://registry.npmjs.org/rayray/-/rayray-0.0.2.tgz"}}
38 error new={"name":"rayray","version":"0.0.2","description":"Some NLP utilites. Helps you find some meaning in text.","main":"index.js","dependencies":{"html-to-text":"^0.1.0","natural":"^0.1.27","pos":"^0.1.6","sentiment":"^1.0.1","text-parse":"^1.1.0","underscore-node":"^0.1.2"},"devDependencies":{},"scripts":{"test":"test"},"keywords":["nlp","parsing","vocabulary","text","meaning","relationship extraction","topic recognition"],"author":{"name":"Brandon Truong"},"license":"MIT","readme":"# rayray\u000a\u000aNLP tools to help you parse words, find counts, and find keywords. More functionality coming soon.\u000a\u000aREADME will be updated soon.\u000a\u000a# How to use\u000a## Installation\u000a```\u000anpm install rayray\u000a```\u000a\u000a## Cutter\u000aUsage:\u000a```\u000avar cutter = require('rayray').Cutter;\u000a\u000acutter.getAllVocab(\"I am a sentence.\"); // returns all vocabulary in the sentence\u000a```\u000a#### cutter.getAllDifferentTokens(input)\u000a\u000a#### cutter.getAllDifferentTokensAndCount(input)\u000a\u000a#### cutter.getAllVocab(input)\u000a\u000a#### cutter.getAllVocabAndCount(input)\u000a\u000a#### cutter.getParagraphs(input)\u000a\u000a#### cutter.getSentences(input)\u000a\u000a## Finder\u000aUsage:\u000a```\u000avar finder = require('rayray').Finder;\u000a\u000afinder.findMostOccurred(\"This is a cool sentence. cool cool cool.\", 1); // find #1 most occurred word \u000a```\u000a\u000a#### findMostOccurred(input, count)\u000a\u000a## Getter\u000aUsage:\u000a```\u000avar getter = require('rayray').Getter;\u000a\u000agetter.get('http://www.brandontruong.com', function(data){\u000a  console.log(data); // logs html of page\u000a}); \u000a```\u000a\u000a#### getter.get(url, callback)\u000a\u000a#### getter.getText(url, callback)\u000a\u000a#### getter.getURLForType(type, searchString)\u000a\u000a#### getter.getSearchForType(type, searchString, callback)\u000a\u000a#### getter.getTextSearch(type, callback)\u000a\u000a# Contributing:\u000aRayray is in early stages. Open to any new features or feature requests. \u000a","readmeFilename":"README.md","gitHead":"ef7d54827d4c5088926ea7d838275c367b042f32","_id":"rayray@0.0.2","_shasum":"33b1442646d140e245799d33bfd7e6f855acf8d3","_from":".","_npmVersion":"1.4.14","_npmUser":{"name":"brandontruong","email":"me@brandontruong.com"},"maintainers":[{"name":"brandontruong","email":"me@brandontruong.com"}],"dist":{"shasum":"33b1442646d140e245799d33bfd7e6f855acf8d3","tarball":"http://registry.npmjs.org/rayray/-/rayray-0.0.2.tgz"}}: rayray
38 error     at RegClient.<anonymous> (/usr/lib/node_modules/npm/node_modules/npm-registry-client/lib/request.js:274:14)
38 error     at Request._callback (/usr/lib/node_modules/npm/node_modules/npm-registry-client/lib/request.js:212:65)
38 error     at Request.self.callback (/usr/lib/node_modules/npm/node_modules/request/request.js:123:22)
38 error     at Request.emit (events.js:98:17)
38 error     at Request.<anonymous> (/usr/lib/node_modules/npm/node_modules/request/request.js:893:14)
38 error     at Request.emit (events.js:117:20)
38 error     at IncomingMessage.<anonymous> (/usr/lib/node_modules/npm/node_modules/request/request.js:844:12)
38 error     at IncomingMessage.emit (events.js:117:20)
38 error     at _stream_readable.js:929:16
38 error     at process._tickCallback (node.js:419:13)
39 error If you need help, you may report this *entire* log,
39 error including the npm and node versions, at:
39 error     <http://github.com/npm/npm/issues>
40 error System Linux 3.13.0-32-generic
41 error command "/usr/bin/node" "/usr/bin/npm" "publish"
42 error cwd /home/brandon/Development/npm/rayray
43 error node -v v0.10.29
44 error npm -v 1.4.14
45 verbose exit [ 1, true ]
